[2022-09-17 16:59:48.140] [info]  App version: 2.0.4
[2022-09-17 16:59:48.143] [info]  Checking for update
[2022-09-17 16:59:49.204] [info]  Found version 2.0.5 (url: electron-Setup-2.0.5.exe)
[2022-09-17 16:59:49.204] [info]  update-available
[2022-09-17 16:59:49.205] [info]  Downloading update from electron-Setup-2.0.5.exe
[2022-09-17 16:59:49.206] [debug] updater cache dir: C:\Users\javie\AppData\Local\electron-updater-example-updater
[2022-09-17 16:59:49.207] [warn]  disableWebInstaller is set to false, you should set it to true if you do not plan on using a web installer. This will default to true in a future version.
[2022-09-17 16:59:49.208] [info]  Download block maps (old: "https://github.com/pacotorres/electron-updater-example/releases/download/v2.0.4/electron-Setup-2.0.4.exe.blockmap", new: https://github.com/pacotorres/electron-updater-example/releases/download/v2.0.5/electron-Setup-2.0.5.exe.blockmap)
[2022-09-17 16:59:49.323] [error] Cannot download differentially, fallback to full download: Error: Cannot download "https://github.com/pacotorres/electron-updater-example/releases/download/v2.0.4/electron-Setup-2.0.4.exe.blockmap", status 404: 
    at ClientRequest.<anonymous> (C:\Users\javie\Documents\Github\electron-updater-example\dist\win-unpacked\resources\app.asar\node_modules\builder-util-runtime\out\httpExecutor.js:229:34)
    at ClientRequest.emit (node:events:527:28)
    at SimpleURLLoaderWrapper.<anonymous> (node:electron/js2c/browser_init:101:6917)
    at SimpleURLLoaderWrapper.emit (node:events:527:28)
[2022-09-17 16:59:50.817] [info]  download-progress
[2022-09-17 16:59:50.817] [info]  {
  total: 67872931,
  delta: 5972100,
  transferred: 5972100,
  percent: 8.798942246946725,
  bytesPerSecond: 5883842
}
[2022-09-17 16:59:51.819] [info]  download-progress
[2022-09-17 16:59:51.819] [info]  {
  total: 67872931,
  delta: 3325925,
  transferred: 9298025,
  percent: 13.699165282843023,
  bytesPerSecond: 4609829
}
[2022-09-17 16:59:52.824] [info]  download-progress
[2022-09-17 16:59:52.824] [info]  {
  total: 67872931,
  delta: 2637851,
  transferred: 11935876,
  percent: 17.585620399979483,
  bytesPerSecond: 3949661
}
[2022-09-17 16:59:53.825] [info]  download-progress
[2022-09-17 16:59:53.825] [info]  {
  total: 67872931,
  delta: 3833838,
  transferred: 15769714,
  percent: 23.234172692497985,
  bytesPerSecond: 3919889
}
[2022-09-17 16:59:54.830] [info]  download-progress
[2022-09-17 16:59:54.831] [info]  {
  total: 67872931,
  delta: 4472823,
  transferred: 20242537,
  percent: 29.824168047199844,
  bytesPerSecond: 4025962
}
[2022-09-17 16:59:55.832] [info]  download-progress
[2022-09-17 16:59:55.832] [info]  {
  total: 67872931,
  delta: 4669467,
  transferred: 24912004,
  percent: 36.70388715053428,
  bytesPerSecond: 4131344
}
[2022-09-17 16:59:56.834] [info]  download-progress
[2022-09-17 16:59:56.835] [info]  {
  total: 67872931,
  delta: 4882414,
  transferred: 29794418,
  percent: 43.897349887542056,
  bytesPerSecond: 4236976
}
[2022-09-17 16:59:57.839] [info]  download-progress
[2022-09-17 16:59:57.839] [info]  {
  total: 67872931,
  delta: 5177335,
  transferred: 34971753,
  percent: 51.52533194713516,
  bytesPerSecond: 4351344
}
[2022-09-17 16:59:58.844] [info]  download-progress
[2022-09-17 16:59:58.845] [info]  {
  total: 67872931,
  delta: 5259291,
  transferred: 40231044,
  percent: 59.27406317549481,
  bytesPerSecond: 4449352
}
[2022-09-17 16:59:59.844] [info]  download-progress
[2022-09-17 16:59:59.844] [info]  {
  total: 67872931,
  delta: 5652471,
  transferred: 45883515,
  percent: 67.6020827802471,
  bytesPerSecond: 4569161
}
[2022-09-17 17:00:00.844] [info]  download-progress
[2022-09-17 17:00:00.844] [info]  {
  total: 67872931,
  delta: 5947374,
  transferred: 51830889,
  percent: 76.3645951874393,
  bytesPerSecond: 4693977
}
[2022-09-17 17:00:01.849] [info]  download-progress
[2022-09-17 17:00:01.849] [info]  {
  total: 67872931,
  delta: 6209545,
  transferred: 58040434,
  percent: 85.51337498597195,
  bytesPerSecond: 4817833
}
[2022-09-17 17:00:02.850] [info]  download-progress
[2022-09-17 17:00:02.851] [info]  {
  total: 67872931,
  delta: 6701047,
  transferred: 64741481,
  percent: 95.38630503521352,
  bytesPerSecond: 4961793
}
[2022-09-17 17:00:03.290] [info]  download-progress
[2022-09-17 17:00:03.291] [info]  {
  total: 67872931,
  delta: 3131450,
  transferred: 67872931,
  percent: 100,
  bytesPerSecond: 5032097
}
[2022-09-17 17:00:03.292] [info]  New version 2.0.5 has been downloaded to C:\Users\javie\AppData\Local\electron-updater-example-updater\pending\electron-Setup-2.0.5.exe
[2022-09-17 17:00:03.294] [info]  update-downloaded
[2022-09-17 17:00:25.673] [info]  Auto install update on quit
[2022-09-17 17:00:25.673] [info]  Install: isSilent: true, isForceRunAfter: false
[2022-09-17 17:00:31.494] [info]  App version: 2.0.4
[2022-09-17 17:00:31.496] [info]  Checking for update
[2022-09-17 17:00:32.587] [info]  Found version 2.0.5 (url: electron-Setup-2.0.5.exe)
[2022-09-17 17:00:32.587] [info]  update-available
[2022-09-17 17:00:32.588] [info]  Downloading update from electron-Setup-2.0.5.exe
[2022-09-17 17:00:32.588] [debug] updater cache dir: C:\Users\javie\AppData\Local\electron-updater-example-updater
[2022-09-17 17:00:32.710] [info]  Update has already been downloaded to C:\Users\javie\AppData\Local\electron-updater-example-updater\pending\electron-Setup-2.0.5.exe).
[2022-09-17 17:00:32.710] [info]  update-downloaded
[2022-09-17 17:00:49.946] [info]  Auto install update on quit
[2022-09-17 17:00:49.947] [info]  Install: isSilent: true, isForceRunAfter: false
[2022-09-17 17:01:07.972] [info]  App version: 2.0.4
[2022-09-17 17:01:07.975] [info]  Checking for update
[2022-09-17 17:01:09.101] [info]  Found version 2.0.5 (url: electron-Setup-2.0.5.exe)
[2022-09-17 17:01:09.102] [info]  update-available
[2022-09-17 17:01:09.102] [info]  Downloading update from electron-Setup-2.0.5.exe
[2022-09-17 17:01:09.103] [debug] updater cache dir: C:\Users\javie\AppData\Local\electron-updater-example-updater
[2022-09-17 17:01:09.223] [info]  Update has already been downloaded to C:\Users\javie\AppData\Local\electron-updater-example-updater\pending\electron-Setup-2.0.5.exe).
[2022-09-17 17:01:09.223] [info]  update-downloaded
[2022-09-17 17:01:16.265] [info]  Auto install update on quit
[2022-09-17 17:01:16.266] [info]  Install: isSilent: true, isForceRunAfter: false
[2022-09-17 17:01:27.504] [info]  App version: 2.0.4
[2022-09-17 17:01:27.507] [info]  Checking for update
[2022-09-17 17:01:28.383] [info]  Found version 2.0.5 (url: electron-Setup-2.0.5.exe)
[2022-09-17 17:01:28.383] [info]  update-available
[2022-09-17 17:01:28.384] [info]  Downloading update from electron-Setup-2.0.5.exe
[2022-09-17 17:01:28.385] [debug] updater cache dir: C:\Users\javie\AppData\Local\electron-updater-example-updater
[2022-09-17 17:01:28.505] [info]  Update has already been downloaded to C:\Users\javie\AppData\Local\electron-updater-example-updater\pending\electron-Setup-2.0.5.exe).
[2022-09-17 17:01:28.506] [info]  update-downloaded
[2022-09-17 17:01:38.425] [info]  Auto install update on quit
[2022-09-17 17:01:38.426] [info]  Install: isSilent: true, isForceRunAfter: false
[2022-09-17 17:01:45.848] [info]  App version: 2.0.4
[2022-09-17 17:01:45.851] [info]  Checking for update
[2022-09-17 17:01:46.954] [info]  Found version 2.0.5 (url: electron-Setup-2.0.5.exe)
[2022-09-17 17:01:46.955] [info]  update-available
[2022-09-17 17:01:46.955] [info]  Downloading update from electron-Setup-2.0.5.exe
[2022-09-17 17:01:46.956] [debug] updater cache dir: C:\Users\javie\AppData\Local\electron-updater-example-updater
[2022-09-17 17:01:47.078] [info]  Update has already been downloaded to C:\Users\javie\AppData\Local\electron-updater-example-updater\pending\electron-Setup-2.0.5.exe).
[2022-09-17 17:01:47.079] [info]  update-downloaded
[2022-09-17 17:02:23.765] [info]  Auto install update on quit
[2022-09-17 17:02:23.766] [info]  Install: isSilent: true, isForceRunAfter: false
[2022-09-17 17:04:12.050] [info]  App version: 2.0.4
[2022-09-17 17:04:12.053] [info]  Checking for update
[2022-09-17 17:04:12.138] [info]  Generated new staging user ID: 0ca0a74c-4e4a-528f-b1c0-c914058f0eab
[2022-09-17 17:04:12.510] [error] Error: Error: No published versions on GitHub
    at Object.newError (C:\Users\javie\AppData\Local\Programs\electron-updater-example\resources\app.asar\node_modules\builder-util-runtime\out\index.js:47:19)
    at XElement.element (C:\Users\javie\AppData\Local\Programs\electron-updater-example\resources\app.asar\node_modules\builder-util-runtime\out\xml.js:35:27)
    at GitHubProvider.getLatestVersion (C:\Users\javie\AppData\Local\Programs\electron-updater-example\resources\app.asar\node_modules\electron-updater\out\providers\GitHubProvider.js:43:34)
    at process.processTicksAndRejections (node:internal/process/task_queues:96:5)
    at async NsisUpdater.getUpdateInfoAndProvider (C:\Users\javie\AppData\Local\Programs\electron-updater-example\resources\app.asar\node_modules\electron-updater\out\AppUpdater.js:305:19)
    at async NsisUpdater.doCheckForUpdates (C:\Users\javie\AppData\Local\Programs\electron-updater-example\resources\app.asar\node_modules\electron-updater\out\AppUpdater.js:319:24)
[2022-09-17 17:04:12.511] [info]  Error: Error: No published versions on GitHub
[2022-09-17 17:07:07.836] [info]  App version: 2.0.4
[2022-09-17 17:07:07.839] [info]  Checking for update
[2022-09-17 17:07:07.922] [info]  Generated new staging user ID: b1449850-ae26-572c-9ab2-fe2ab98f0986
[2022-09-17 17:07:08.269] [error] Error: Error: No published versions on GitHub
    at Object.newError (C:\Users\javie\AppData\Local\Programs\electron-updater-example\resources\app.asar\node_modules\builder-util-runtime\out\index.js:47:19)
    at XElement.element (C:\Users\javie\AppData\Local\Programs\electron-updater-example\resources\app.asar\node_modules\builder-util-runtime\out\xml.js:35:27)
    at GitHubProvider.getLatestVersion (C:\Users\javie\AppData\Local\Programs\electron-updater-example\resources\app.asar\node_modules\electron-updater\out\providers\GitHubProvider.js:43:34)
    at process.processTicksAndRejections (node:internal/process/task_queues:96:5)
    at async NsisUpdater.getUpdateInfoAndProvider (C:\Users\javie\AppData\Local\Programs\electron-updater-example\resources\app.asar\node_modules\electron-updater\out\AppUpdater.js:305:19)
    at async NsisUpdater.doCheckForUpdates (C:\Users\javie\AppData\Local\Programs\electron-updater-example\resources\app.asar\node_modules\electron-updater\out\AppUpdater.js:319:24)
[2022-09-17 17:07:08.270] [info]  Error: Error: No published versions on GitHub
[2022-09-17 17:08:41.316] [info]  App version: 2.0.4
[2022-09-17 17:08:41.321] [info]  Checking for update
[2022-09-17 17:08:41.789] [error] Error: Error: No published versions on GitHub
    at Object.newError (C:\Users\javie\AppData\Local\Programs\electron-updater-example\resources\app.asar\node_modules\builder-util-runtime\out\index.js:47:19)
    at XElement.element (C:\Users\javie\AppData\Local\Programs\electron-updater-example\resources\app.asar\node_modules\builder-util-runtime\out\xml.js:35:27)
    at GitHubProvider.getLatestVersion (C:\Users\javie\AppData\Local\Programs\electron-updater-example\resources\app.asar\node_modules\electron-updater\out\providers\GitHubProvider.js:43:34)
    at process.processTicksAndRejections (node:internal/process/task_queues:96:5)
    at async NsisUpdater.getUpdateInfoAndProvider (C:\Users\javie\AppData\Local\Programs\electron-updater-example\resources\app.asar\node_modules\electron-updater\out\AppUpdater.js:305:19)
    at async NsisUpdater.doCheckForUpdates (C:\Users\javie\AppData\Local\Programs\electron-updater-example\resources\app.asar\node_modules\electron-updater\out\AppUpdater.js:319:24)
[2022-09-17 17:08:41.789] [info]  Error: Error: No published versions on GitHub
[2022-09-17 17:08:48.207] [info]  App version: 2.0.4
[2022-09-17 17:08:48.210] [info]  Checking for update
[2022-09-17 17:08:48.527] [error] Error: Error: No published versions on GitHub
    at Object.newError (C:\Users\javie\AppData\Local\Programs\electron-updater-example\resources\app.asar\node_modules\builder-util-runtime\out\index.js:47:19)
    at XElement.element (C:\Users\javie\AppData\Local\Programs\electron-updater-example\resources\app.asar\node_modules\builder-util-runtime\out\xml.js:35:27)
    at GitHubProvider.getLatestVersion (C:\Users\javie\AppData\Local\Programs\electron-updater-example\resources\app.asar\node_modules\electron-updater\out\providers\GitHubProvider.js:43:34)
    at process.processTicksAndRejections (node:internal/process/task_queues:96:5)
    at async NsisUpdater.getUpdateInfoAndProvider (C:\Users\javie\AppData\Local\Programs\electron-updater-example\resources\app.asar\node_modules\electron-updater\out\AppUpdater.js:305:19)
    at async NsisUpdater.doCheckForUpdates (C:\Users\javie\AppData\Local\Programs\electron-updater-example\resources\app.asar\node_modules\electron-updater\out\AppUpdater.js:319:24)
[2022-09-17 17:08:48.528] [info]  Error: Error: No published versions on GitHub
[2022-09-17 17:12:35.102] [info]  App version: 2.0.4
[2022-09-17 17:12:35.104] [info]  Checking for update
[2022-09-17 17:12:36.172] [info]  Found version 2.0.5 (url: electron-updater-example-Setup-2.0.5.exe)
[2022-09-17 17:12:36.172] [info]  update-available
[2022-09-17 17:12:36.173] [info]  Downloading update from electron-updater-example-Setup-2.0.5.exe
[2022-09-17 17:12:36.173] [debug] updater cache dir: C:\Users\javie\AppData\Local\electron-updater-example-updater
[2022-09-17 17:12:36.175] [info]  Cached update sha512 checksum doesn't match the latest available update. New update must be downloaded. Cached: eSouFoTOwoTwooKf1bEVTD+/81mIp3v+boNTFY3/R+qlvjV+JhAvORjhlS6u3AC6K6MBwU3/X+hDOj3AiYIlew==, expected: 7WY7tcdAq2a2cEFQ8Nm6ii+nholxEJwUxli8HPi1Kv87ltR6yBeAuFR1TAaupMiTIZDp58noACjcO2FiUEiOeg==. Directory for cached update will be cleaned
[2022-09-17 17:12:36.181] [warn]  disableWebInstaller is set to false, you should set it to true if you do not plan on using a web installer. This will default to true in a future version.
[2022-09-17 17:12:36.181] [info]  Download block maps (old: "https://github.com/pacotorres/electron-updater-example/releases/download/v2.0.4/electron-updater-example-Setup-2.0.4.exe.blockmap", new: https://github.com/pacotorres/electron-updater-example/releases/download/v2.0.5/electron-updater-example-Setup-2.0.5.exe.blockmap)
[2022-09-17 17:12:36.293] [error] Cannot download differentially, fallback to full download: Error: Cannot download "https://github.com/pacotorres/electron-updater-example/releases/download/v2.0.4/electron-updater-example-Setup-2.0.4.exe.blockmap", status 404: 
    at ClientRequest.<anonymous> (C:\Users\javie\AppData\Local\Programs\electron-updater-example\resources\app.asar\node_modules\builder-util-runtime\out\httpExecutor.js:229:34)
    at ClientRequest.emit (node:events:527:28)
    at SimpleURLLoaderWrapper.<anonymous> (node:electron/js2c/browser_init:101:6917)
    at SimpleURLLoaderWrapper.emit (node:events:527:28)
[2022-09-17 17:12:37.672] [info]  download-progress
[2022-09-17 17:12:37.673] [info]  {
  total: 67874076,
  delta: 5897573,
  transferred: 5897573,
  percent: 8.688991950328724,
  bytesPerSecond: 5810417
}
[2022-09-17 17:12:38.674] [info]  download-progress
[2022-09-17 17:12:38.674] [info]  {
  total: 67874076,
  delta: 6586386,
  transferred: 12483959,
  percent: 18.392823498621183,
  bytesPerSecond: 6189370
}
[2022-09-17 17:12:39.676] [info]  download-progress
[2022-09-17 17:12:39.677] [info]  {
  total: 67874076,
  delta: 7028718,
  transferred: 19512677,
  percent: 28.748350106453014,
  bytesPerSecond: 6463291
}
[2022-09-17 17:12:40.676] [info]  download-progress
[2022-09-17 17:12:40.676] [info]  {
  total: 67874076,
  delta: 7159835,
  transferred: 26672512,
  percent: 39.29705356136266,
  bytesPerSecond: 6636604
}
[2022-09-17 17:12:41.678] [info]  download-progress
[2022-09-17 17:12:41.679] [info]  {
  total: 67874076,
  delta: 7225335,
  transferred: 33897847,
  percent: 49.942259250792596,
  bytesPerSecond: 6751214
}
[2022-09-17 17:12:42.682] [info]  download-progress
[2022-09-17 17:12:42.683] [info]  {
  total: 67874076,
  delta: 5718025,
  transferred: 39615872,
  percent: 58.36672015984424,
  bytesPerSecond: 6575248
}
[2022-09-17 17:12:43.682] [info]  download-progress
[2022-09-17 17:12:43.682] [info]  {
  total: 67874076,
  delta: 6111223,
  transferred: 45727095,
  percent: 67.370486192696,
  bytesPerSecond: 6509195
}
[2022-09-17 17:12:44.683] [info]  download-progress
[2022-09-17 17:12:44.683] [info]  {
  total: 67874076,
  delta: 4866030,
  transferred: 50593125,
  percent: 74.53968876128789,
  bytesPerSecond: 6303654
}
[2022-09-17 17:12:45.685] [info]  download-progress
[2022-09-17 17:12:45.685] [info]  {
  total: 67874076,
  delta: 5455899,
  transferred: 56049024,
  percent: 82.57795509437211,
  bytesPerSecond: 6208354
}
[2022-09-17 17:12:46.687] [info]  download-progress
[2022-09-17 17:12:46.687] [info]  {
  total: 67874076,
  delta: 5734382,
  transferred: 61783406,
  percent: 91.0265150423558,
  bytesPerSecond: 6159861
}
[2022-09-17 17:12:47.689] [info]  download-progress
[2022-09-17 17:12:47.690] [info]  {
  total: 67874076,
  delta: 5914615,
  transferred: 67698021,
  percent: 99.74061525345847,
  bytesPerSecond: 6136514
}
[2022-09-17 17:12:47.719] [info]  download-progress
[2022-09-17 17:12:47.720] [info]  {
  total: 67874076,
  delta: 176055,
  transferred: 67874076,
  percent: 100,
  bytesPerSecond: 6135787
}
[2022-09-17 17:12:47.723] [info]  New version 2.0.5 has been downloaded to C:\Users\javie\AppData\Local\electron-updater-example-updater\pending\electron-updater-example-Setup-2.0.5.exe
[2022-09-17 17:12:47.724] [info]  update-downloaded
[2022-09-17 17:12:58.368] [info]  Auto install update on quit
[2022-09-17 17:12:58.369] [info]  Install: isSilent: true, isForceRunAfter: false
[2022-09-17 17:13:08.860] [info]  App version: 2.0.5
[2022-09-17 17:13:08.862] [info]  Checking for update
[2022-09-17 17:13:10.162] [info]  Update for version 2.0.5 is not available (latest version: 2.0.5, downgrade is disallowed).
[2022-09-17 17:13:10.162] [info]  update-not-available
[2022-09-17 17:19:59.937] [info]  App version: 2.0.5
[2022-09-17 17:19:59.940] [info]  Checking for update
[2022-09-17 19:08:06.340] [info]  App version: 2.0.4
[2022-09-17 19:08:06.747] [info]  Checking for update
[2022-09-17 19:08:06.747] [info]  checking-for-update...
[2022-09-17 19:08:06.751] [info]  Generated new staging user ID: 37ef4ea2-0454-5132-b483-ce7e08ee9a29
[2022-09-17 19:08:07.901] [info]  Found version 2.0.5 (url: electron-updater-example-Setup-2.0.5.exe)
[2022-09-17 19:08:07.902] [info]  update-available
[2022-09-17 19:08:07.902] [info]  Downloading update from electron-updater-example-Setup-2.0.5.exe
[2022-09-17 19:08:07.903] [debug] updater cache dir: C:\Users\javie\AppData\Local\electron-updater-example-updater
[2022-09-17 19:08:08.018] [info]  Update has already been downloaded to C:\Users\javie\AppData\Local\electron-updater-example-updater\pending\electron-updater-example-Setup-2.0.5.exe).
[2022-09-17 19:08:08.019] [info]  update-downloaded
[2022-09-17 19:08:21.456] [info]  Auto install update on quit
[2022-09-17 19:08:21.457] [info]  Install: isSilent: true, isForceRunAfter: false
[2022-09-17 19:08:28.207] [info]  App version: 2.0.5
[2022-09-17 19:08:28.209] [info]  Checking for update
[2022-09-17 19:08:29.349] [info]  Update for version 2.0.5 is not available (latest version: 2.0.5, downgrade is disallowed).
[2022-09-17 19:08:29.349] [info]  update-not-available
[2022-09-17 19:15:58.330] [info]  App version: 2.0.4
[2022-09-17 19:15:58.729] [info]  Checking for update
[2022-09-17 19:15:58.729] [info]  checking-for-update...
[2022-09-17 19:15:58.734] [info]  Generated new staging user ID: 8c563276-73e2-567d-8668-fbb626ea1305
[2022-09-17 19:15:59.754] [info]  Found version 2.0.5 (url: electron-updater-example-Setup-2.0.5.exe)
[2022-09-17 19:15:59.754] [info]  update-available
[2022-09-17 19:15:59.754] [info]  Downloading update from electron-updater-example-Setup-2.0.5.exe
[2022-09-17 19:15:59.755] [debug] updater cache dir: C:\Users\javie\AppData\Local\electron-updater-example-updater
[2022-09-17 19:15:59.757] [warn]  disableWebInstaller is set to false, you should set it to true if you do not plan on using a web installer. This will default to true in a future version.
[2022-09-17 19:15:59.758] [info]  Download block maps (old: "https://github.com/pacotorres/electron-updater-example/releases/download/v2.0.4/electron-updater-example-Setup-2.0.4.exe.blockmap", new: https://github.com/pacotorres/electron-updater-example/releases/download/v2.0.5/electron-updater-example-Setup-2.0.5.exe.blockmap)
[2022-09-17 19:15:59.881] [error] Cannot download differentially, fallback to full download: Error: Cannot download "https://github.com/pacotorres/electron-updater-example/releases/download/v2.0.4/electron-updater-example-Setup-2.0.4.exe.blockmap", status 404: 
    at ClientRequest.<anonymous> (C:\Users\javie\AppData\Local\Programs\electron-updater-example\resources\app.asar\node_modules\builder-util-runtime\out\httpExecutor.js:229:34)
    at ClientRequest.emit (node:events:527:28)
    at SimpleURLLoaderWrapper.<anonymous> (node:electron/js2c/browser_init:101:6917)
    at SimpleURLLoaderWrapper.emit (node:events:527:28)
[2022-09-17 19:16:01.414] [info]  download-progress
[2022-09-17 19:16:01.414] [info]  {
  total: 67874076,
  delta: 1073241,
  transferred: 1073241,
  percent: 1.5812237355540577,
  bytesPerSecond: 1067901
}
[2022-09-17 19:16:02.420] [info]  download-progress
[2022-09-17 19:16:02.420] [info]  {
  total: 67874076,
  delta: 1327131,
  transferred: 2400372,
  percent: 3.536507811907451,
  bytesPerSecond: 1193621
}
[2022-09-17 19:16:03.424] [info]  download-progress
[2022-09-17 19:16:03.425] [info]  {
  total: 67874076,
  delta: 1654775,
  transferred: 4055147,
  percent: 5.974515218446584,
  bytesPerSecond: 1344991
}
[2022-09-17 19:16:04.426] [info]  download-progress
[2022-09-17 19:16:04.426] [info]  {
  total: 67874076,
  delta: 1949705,
  transferred: 6004852,
  percent: 8.847047877307384,
  bytesPerSecond: 1494860
}
[2022-09-17 19:16:05.429] [info]  download-progress
[2022-09-17 19:16:05.429] [info]  {
  total: 67874076,
  delta: 2228224,
  transferred: 8233076,
  percent: 12.129927190463704,
  bytesPerSecond: 1640055
}
[2022-09-17 19:16:06.430] [info]  download-progress
[2022-09-17 19:16:06.430] [info]  {
  total: 67874076,
  delta: 2539493,
  transferred: 10772569,
  percent: 15.871404275175694,
  bytesPerSecond: 1789166
}
[2022-09-17 19:16:07.437] [info]  download-progress
[2022-09-17 19:16:07.437] [info]  {
  total: 67874076,
  delta: 2834459,
  transferred: 13607028,
  percent: 20.047459651605422,
  bytesPerSecond: 1936117
}
[2022-09-17 19:16:08.439] [info]  download-progress
[2022-09-17 19:16:08.439] [info]  {
  total: 67874076,
  delta: 3129317,
  transferred: 16736345,
  percent: 24.657934201564675,
  bytesPerSecond: 2084227
}
[2022-09-17 19:16:09.439] [info]  download-progress
[2022-09-17 19:16:09.440] [info]  {
  total: 67874076,
  delta: 3391497,
  transferred: 20127842,
  percent: 29.654682886585448,
  bytesPerSecond: 2228997
}
[2022-09-17 19:16:10.440] [info]  download-progress
[2022-09-17 19:16:10.440] [info]  {
  total: 67874076,
  delta: 3784713,
  transferred: 23912555,
  percent: 35.230763215104396,
  bytesPerSecond: 2383866
}
[2022-09-17 19:16:11.442] [info]  download-progress
[2022-09-17 19:16:11.442] [info]  {
  total: 67874076,
  delta: 5446933,
  transferred: 29359488,
  percent: 43.25581979193352,
  bytesPerSecond: 2661061
}
[2022-09-17 19:16:12.442] [info]  download-progress
[2022-09-17 19:16:12.442] [info]  {
  total: 67874076,
  delta: 6897637,
  transferred: 36257125,
  percent: 53.41822259208361,
  bytesPerSecond: 3013141
}
[2022-09-17 19:16:13.446] [info]  download-progress
[2022-09-17 19:16:13.447] [info]  {
  total: 67874076,
  delta: 7225371,
  transferred: 43482496,
  percent: 64.06348132090962,
  bytesPerSecond: 3335315
}
[2022-09-17 19:16:14.448] [info]  download-progress
[2022-09-17 19:16:14.448] [info]  {
  total: 67874076,
  delta: 7127031,
  transferred: 50609527,
  percent: 74.563854099465,
  bytesPerSecond: 3604924
}
[2022-09-17 19:16:15.450] [info]  download-progress
[2022-09-17 19:16:15.450] [info]  {
  total: 67874076,
  delta: 6684663,
  transferred: 57294190,
  percent: 84.41247877908496,
  bytesPerSecond: 3809201
}
[2022-09-17 19:16:16.450] [info]  download-progress
[2022-09-17 19:16:16.451] [info]  {
  total: 67874076,
  delta: 7176201,
  transferred: 64470391,
  percent: 94.98529453277567,
  bytesPerSecond: 4019100
}
[2022-09-17 19:16:16.927] [info]  download-progress
[2022-09-17 19:16:16.928] [info]  {
  total: 67874076,
  delta: 3403685,
  transferred: 67874076,
  percent: 100,
  bytesPerSecond: 4109098
}
[2022-09-17 19:16:16.930] [info]  New version 2.0.5 has been downloaded to C:\Users\javie\AppData\Local\electron-updater-example-updater\pending\electron-updater-example-Setup-2.0.5.exe
[2022-09-17 19:16:16.931] [info]  update-downloaded
[2022-09-17 19:16:22.953] [info]  Auto install update on quit
[2022-09-17 19:16:22.953] [info]  Install: isSilent: true, isForceRunAfter: false
[2022-09-17 19:16:28.065] [info]  App version: 2.0.5
[2022-09-17 19:16:28.068] [info]  Checking for update
[2022-09-17 19:16:29.164] [info]  Update for version 2.0.5 is not available (latest version: 2.0.5, downgrade is disallowed).
[2022-09-17 19:16:29.164] [info]  update-not-available
[2022-09-17 20:47:03.023] [info]  App version: 2.0.5
[2022-09-17 20:47:03.026] [info]  Checking for update
[2022-09-17 20:47:04.140] [info]  Update for version 2.0.5 is not available (latest version: 2.0.5, downgrade is disallowed).
[2022-09-17 20:47:04.141] [info]  update-not-available
